running egg_info
writing ../../build/object_detection_semantic_segmentation_pkg/object_detection_semantic_segmentation_pkg.egg-info/PKG-INFO
writing dependency_links to ../../build/object_detection_semantic_segmentation_pkg/object_detection_semantic_segmentation_pkg.egg-info/dependency_links.txt
writing requirements to ../../build/object_detection_semantic_segmentation_pkg/object_detection_semantic_segmentation_pkg.egg-info/requires.txt
writing top-level names to ../../build/object_detection_semantic_segmentation_pkg/object_detection_semantic_segmentation_pkg.egg-info/top_level.txt
reading manifest file '../../build/object_detection_semantic_segmentation_pkg/object_detection_semantic_segmentation_pkg.egg-info/SOURCES.txt'
writing manifest file '../../build/object_detection_semantic_segmentation_pkg/object_detection_semantic_segmentation_pkg.egg-info/SOURCES.txt'
running build
running build_scripts
creating /ros2_ws/build/object_detection_semantic_segmentation_pkg/build/scripts-3.10
copying and adjusting scripts/object_detection_node.py -> /ros2_ws/build/object_detection_semantic_segmentation_pkg/build/scripts-3.10
changing mode of /ros2_ws/build/object_detection_semantic_segmentation_pkg/build/scripts-3.10/object_detection_node.py from 644 to 755
running install
running install_data
creating /ros2_ws/install/object_detection_semantic_segmentation_pkg/share/ament_index/resource_index/packages
copying resource/object_detection_semantic_segmentation_pkg -> /ros2_ws/install/object_detection_semantic_segmentation_pkg/share/ament_index/resource_index/packages
copying package.xml -> /ros2_ws/install/object_detection_semantic_segmentation_pkg/share/object_detection_semantic_segmentation_pkg
creating /ros2_ws/install/object_detection_semantic_segmentation_pkg/share/object_detection_semantic_segmentation_pkg/models
copying models/best_deeplabv3plus_model.onnx -> /ros2_ws/install/object_detection_semantic_segmentation_pkg/share/object_detection_semantic_segmentation_pkg/models
copying models/best_YOLO11x_model.onnx -> /ros2_ws/install/object_detection_semantic_segmentation_pkg/share/object_detection_semantic_segmentation_pkg/models
creating /ros2_ws/install/object_detection_semantic_segmentation_pkg/share/object_detection_semantic_segmentation_pkg/videos
running install_egg_info
Copying ../../build/object_detection_semantic_segmentation_pkg/object_detection_semantic_segmentation_pkg.egg-info to /ros2_ws/install/object_detection_semantic_segmentation_pkg/lib/python3.10/site-packages/object_detection_semantic_segmentation_pkg-0.0.0-py3.10.egg-info
running install_scripts
creating /ros2_ws/install/object_detection_semantic_segmentation_pkg/lib/object_detection_semantic_segmentation_pkg
copying /ros2_ws/build/object_detection_semantic_segmentation_pkg/build/scripts-3.10/object_detection_node.py -> /ros2_ws/install/object_detection_semantic_segmentation_pkg/lib/object_detection_semantic_segmentation_pkg
changing mode of /ros2_ws/install/object_detection_semantic_segmentation_pkg/lib/object_detection_semantic_segmentation_pkg/object_detection_node.py to 755
writing list of installed files to '/ros2_ws/build/object_detection_semantic_segmentation_pkg/install.log'
