[1.207s] Invoking command in '/root/ros2_ws/src/object_detection_semantic_segmentation_pkg': PS1=(myenv) \[\e]0;\u@\h: \w\a\]${debian_chroot:+($debian_chroot)}\u@\h:\w\$ PYTHONPATH=/root/ros2_ws/build/object_detection_semantic_segmentation_pkg/prefix_override:/usr/lib/python3/dist-packages/colcon_core/task/python/colcon_distutils_commands:/root/ros2_ws/install/object_detection_semantic_segmentation_pkg/lib/python3.12/site-packages:${PYTHONPATH} VIRTUAL_ENV_PROMPT=(myenv) /usr/bin/python3 -W ignore:setup.py install is deprecated setup.py egg_info --egg-base ../../build/object_detection_semantic_segmentation_pkg build --build-base /root/ros2_ws/build/object_detection_semantic_segmentation_pkg/build install --record /root/ros2_ws/build/object_detection_semantic_segmentation_pkg/install.log --single-version-externally-managed install_data
[1.631s] running egg_info
[1.650s] writing ../../build/object_detection_semantic_segmentation_pkg/object_detection_semantic_segmentation_pkg.egg-info/PKG-INFO
[1.650s] writing dependency_links to ../../build/object_detection_semantic_segmentation_pkg/object_detection_semantic_segmentation_pkg.egg-info/dependency_links.txt
[1.650s] deleting ../../build/object_detection_semantic_segmentation_pkg/object_detection_semantic_segmentation_pkg.egg-info/entry_points.txt
[1.652s] writing requirements to ../../build/object_detection_semantic_segmentation_pkg/object_detection_semantic_segmentation_pkg.egg-info/requires.txt
[1.652s] writing top-level names to ../../build/object_detection_semantic_segmentation_pkg/object_detection_semantic_segmentation_pkg.egg-info/top_level.txt
[1.683s] reading manifest file '../../build/object_detection_semantic_segmentation_pkg/object_detection_semantic_segmentation_pkg.egg-info/SOURCES.txt'
[1.684s] writing manifest file '../../build/object_detection_semantic_segmentation_pkg/object_detection_semantic_segmentation_pkg.egg-info/SOURCES.txt'
[1.685s] running build
[1.685s] running build_scripts
[1.685s] creating /root/ros2_ws/build/object_detection_semantic_segmentation_pkg/build/scripts-3.12
[1.686s] copying and adjusting scripts/object_detection_node.py -> /root/ros2_ws/build/object_detection_semantic_segmentation_pkg/build/scripts-3.12
[1.687s] copying and adjusting scripts/video_publisher.py -> /root/ros2_ws/build/object_detection_semantic_segmentation_pkg/build/scripts-3.12
[1.687s] changing mode of /root/ros2_ws/build/object_detection_semantic_segmentation_pkg/build/scripts-3.12/object_detection_node.py from 644 to 755
[1.687s] changing mode of /root/ros2_ws/build/object_detection_semantic_segmentation_pkg/build/scripts-3.12/video_publisher.py from 644 to 755
[1.688s] running install
[1.696s] running install_data
[1.696s] running install_egg_info
[1.728s] removing '/root/ros2_ws/install/object_detection_semantic_segmentation_pkg/lib/python3.12/site-packages/object_detection_semantic_segmentation_pkg-0.0.0-py3.12.egg-info' (and everything under it)
[1.729s] Copying ../../build/object_detection_semantic_segmentation_pkg/object_detection_semantic_segmentation_pkg.egg-info to /root/ros2_ws/install/object_detection_semantic_segmentation_pkg/lib/python3.12/site-packages/object_detection_semantic_segmentation_pkg-0.0.0-py3.12.egg-info
[1.730s] running install_scripts
[1.747s] copying /root/ros2_ws/build/object_detection_semantic_segmentation_pkg/build/scripts-3.12/object_detection_node.py -> /root/ros2_ws/install/object_detection_semantic_segmentation_pkg/lib/object_detection_semantic_segmentation_pkg
[1.747s] copying /root/ros2_ws/build/object_detection_semantic_segmentation_pkg/build/scripts-3.12/video_publisher.py -> /root/ros2_ws/install/object_detection_semantic_segmentation_pkg/lib/object_detection_semantic_segmentation_pkg
[1.747s] changing mode of /root/ros2_ws/install/object_detection_semantic_segmentation_pkg/lib/object_detection_semantic_segmentation_pkg/object_detection_node.py to 755
[1.747s] changing mode of /root/ros2_ws/install/object_detection_semantic_segmentation_pkg/lib/object_detection_semantic_segmentation_pkg/video_publisher.py to 755
[1.840s] writing list of installed files to '/root/ros2_ws/build/object_detection_semantic_segmentation_pkg/install.log'
[1.871s] Invoked command in '/root/ros2_ws/src/object_detection_semantic_segmentation_pkg' returned '0': PS1=(myenv) \[\e]0;\u@\h: \w\a\]${debian_chroot:+($debian_chroot)}\u@\h:\w\$ PYTHONPATH=/root/ros2_ws/build/object_detection_semantic_segmentation_pkg/prefix_override:/usr/lib/python3/dist-packages/colcon_core/task/python/colcon_distutils_commands:/root/ros2_ws/install/object_detection_semantic_segmentation_pkg/lib/python3.12/site-packages:${PYTHONPATH} VIRTUAL_ENV_PROMPT=(myenv) /usr/bin/python3 -W ignore:setup.py install is deprecated setup.py egg_info --egg-base ../../build/object_detection_semantic_segmentation_pkg build --build-base /root/ros2_ws/build/object_detection_semantic_segmentation_pkg/build install --record /root/ros2_ws/build/object_detection_semantic_segmentation_pkg/install.log --single-version-externally-managed install_data
