[1.225s] Invoking command in '/ros2_ws/src/object_detection_semantic_segmentation_pkg': PYTHONPATH=/ros2_ws/build/object_detection_semantic_segmentation_pkg/prefix_override:/usr/lib/python3/dist-packages/colcon_core/task/python/colcon_distutils_commands:/ros2_ws/install/object_detection_semantic_segmentation_pkg/lib/python3.12/site-packages:${PYTHONPATH} /usr/bin/python3 -W ignore:setup.py install is deprecated setup.py egg_info --egg-base ../../build/object_detection_semantic_segmentation_pkg build --build-base /ros2_ws/build/object_detection_semantic_segmentation_pkg/build install --record /ros2_ws/build/object_detection_semantic_segmentation_pkg/install.log --single-version-externally-managed install_data
[1.548s] /usr/local/lib/python3.12/dist-packages/setuptools/_distutils/dist.py:261: UserWarning: Unknown distribution option: 'tests_require'
[1.548s]   warnings.warn(msg)
[1.656s] running egg_info
[1.674s] writing ../../build/object_detection_semantic_segmentation_pkg/object_detection_semantic_segmentation_pkg.egg-info/PKG-INFO
[1.675s] writing dependency_links to ../../build/object_detection_semantic_segmentation_pkg/object_detection_semantic_segmentation_pkg.egg-info/dependency_links.txt
[1.675s] writing requirements to ../../build/object_detection_semantic_segmentation_pkg/object_detection_semantic_segmentation_pkg.egg-info/requires.txt
[1.676s] writing top-level names to ../../build/object_detection_semantic_segmentation_pkg/object_detection_semantic_segmentation_pkg.egg-info/top_level.txt
[1.710s] reading manifest file '../../build/object_detection_semantic_segmentation_pkg/object_detection_semantic_segmentation_pkg.egg-info/SOURCES.txt'
[1.713s] writing manifest file '../../build/object_detection_semantic_segmentation_pkg/object_detection_semantic_segmentation_pkg.egg-info/SOURCES.txt'
[1.713s] running build
[1.713s] running build_scripts
[1.713s] running install
[1.720s] running install_data
[1.721s] copying package.xml -> /ros2_ws/install/object_detection_semantic_segmentation_pkg/share/object_detection_semantic_segmentation_pkg
[1.722s] running install_egg_info
[1.758s] Copying ../../build/object_detection_semantic_segmentation_pkg/object_detection_semantic_segmentation_pkg.egg-info to /ros2_ws/install/object_detection_semantic_segmentation_pkg/lib/python3.12/site-packages/object_detection_semantic_segmentation_pkg-0.0.0-py3.12.egg-info
[1.760s] running install_scripts
[1.777s] copying /ros2_ws/build/object_detection_semantic_segmentation_pkg/build/scripts-3.12/video_publisher.py -> /ros2_ws/install/object_detection_semantic_segmentation_pkg/lib/object_detection_semantic_segmentation_pkg
[1.778s] changing mode of /ros2_ws/install/object_detection_semantic_segmentation_pkg/lib/object_detection_semantic_segmentation_pkg/object_detection_node.py to 755
[1.778s] changing mode of /ros2_ws/install/object_detection_semantic_segmentation_pkg/lib/object_detection_semantic_segmentation_pkg/video_publisher.py to 755
[1.844s] writing list of installed files to '/ros2_ws/build/object_detection_semantic_segmentation_pkg/install.log'
[1.876s] Invoked command in '/ros2_ws/src/object_detection_semantic_segmentation_pkg' returned '0': PYTHONPATH=/ros2_ws/build/object_detection_semantic_segmentation_pkg/prefix_override:/usr/lib/python3/dist-packages/colcon_core/task/python/colcon_distutils_commands:/ros2_ws/install/object_detection_semantic_segmentation_pkg/lib/python3.12/site-packages:${PYTHONPATH} /usr/bin/python3 -W ignore:setup.py install is deprecated setup.py egg_info --egg-base ../../build/object_detection_semantic_segmentation_pkg build --build-base /ros2_ws/build/object_detection_semantic_segmentation_pkg/build install --record /ros2_ws/build/object_detection_semantic_segmentation_pkg/install.log --single-version-externally-managed install_data
