running egg_info
creating ../../build/object_detection_semantic_segmentation_pkg/object_detection_semantic_segmentation_pkg.egg-info
writing ../../build/object_detection_semantic_segmentation_pkg/object_detection_semantic_segmentation_pkg.egg-info/PKG-INFO
writing dependency_links to ../../build/object_detection_semantic_segmentation_pkg/object_detection_semantic_segmentation_pkg.egg-info/dependency_links.txt
writing requirements to ../../build/object_detection_semantic_segmentation_pkg/object_detection_semantic_segmentation_pkg.egg-info/requires.txt
writing top-level names to ../../build/object_detection_semantic_segmentation_pkg/object_detection_semantic_segmentation_pkg.egg-info/top_level.txt
writing manifest file '../../build/object_detection_semantic_segmentation_pkg/object_detection_semantic_segmentation_pkg.egg-info/SOURCES.txt'
reading manifest file '../../build/object_detection_semantic_segmentation_pkg/object_detection_semantic_segmentation_pkg.egg-info/SOURCES.txt'
writing manifest file '../../build/object_detection_semantic_segmentation_pkg/object_detection_semantic_segmentation_pkg.egg-info/SOURCES.txt'
running build
running build_scripts
creating /root/ros2_ws/build/object_detection_semantic_segmentation_pkg/build
creating /root/ros2_ws/build/object_detection_semantic_segmentation_pkg/build/scripts-3.12
copying and adjusting scripts/object_detection_node.py -> /root/ros2_ws/build/object_detection_semantic_segmentation_pkg/build/scripts-3.12
copying and adjusting scripts/video_publisher.py -> /root/ros2_ws/build/object_detection_semantic_segmentation_pkg/build/scripts-3.12
changing mode of /root/ros2_ws/build/object_detection_semantic_segmentation_pkg/build/scripts-3.12/object_detection_node.py from 644 to 755
changing mode of /root/ros2_ws/build/object_detection_semantic_segmentation_pkg/build/scripts-3.12/video_publisher.py from 644 to 755
running install
running install_data
creating /root/ros2_ws/install/object_detection_semantic_segmentation_pkg/share/ament_index
creating /root/ros2_ws/install/object_detection_semantic_segmentation_pkg/share/ament_index/resource_index
creating /root/ros2_ws/install/object_detection_semantic_segmentation_pkg/share/ament_index/resource_index/packages
copying resource/object_detection_semantic_segmentation_pkg -> /root/ros2_ws/install/object_detection_semantic_segmentation_pkg/share/ament_index/resource_index/packages
copying package.xml -> /root/ros2_ws/install/object_detection_semantic_segmentation_pkg/share/object_detection_semantic_segmentation_pkg
running install_egg_info
Copying ../../build/object_detection_semantic_segmentation_pkg/object_detection_semantic_segmentation_pkg.egg-info to /root/ros2_ws/install/object_detection_semantic_segmentation_pkg/lib/python3.12/site-packages/object_detection_semantic_segmentation_pkg-0.0.0-py3.12.egg-info
running install_scripts
creating /root/ros2_ws/install/object_detection_semantic_segmentation_pkg/lib/object_detection_semantic_segmentation_pkg
copying /root/ros2_ws/build/object_detection_semantic_segmentation_pkg/build/scripts-3.12/object_detection_node.py -> /root/ros2_ws/install/object_detection_semantic_segmentation_pkg/lib/object_detection_semantic_segmentation_pkg
copying /root/ros2_ws/build/object_detection_semantic_segmentation_pkg/build/scripts-3.12/video_publisher.py -> /root/ros2_ws/install/object_detection_semantic_segmentation_pkg/lib/object_detection_semantic_segmentation_pkg
changing mode of /root/ros2_ws/install/object_detection_semantic_segmentation_pkg/lib/object_detection_semantic_segmentation_pkg/object_detection_node.py to 755
changing mode of /root/ros2_ws/install/object_detection_semantic_segmentation_pkg/lib/object_detection_semantic_segmentation_pkg/video_publisher.py to 755
writing list of installed files to '/root/ros2_ws/build/object_detection_semantic_segmentation_pkg/install.log'
