[1.186s] Invoking command in '/root/ros2_ws/src/object_detection_semantic_segmentation_pkg': PS1=\[\e]0;\u@\h: \w\a\]${debian_chroot:+($debian_chroot)}\u@\h:\w\$ PYTHONPATH=/root/ros2_ws/build/object_detection_semantic_segmentation_pkg/prefix_override:/usr/lib/python3/dist-packages/colcon_core/task/python/colcon_distutils_commands:/root/ros2_ws/install/object_detection_semantic_segmentation_pkg/lib/python3.12/site-packages:${PYTHONPATH} /usr/bin/python3 -W ignore:setup.py install is deprecated setup.py egg_info --egg-base ../../build/object_detection_semantic_segmentation_pkg build --build-base /root/ros2_ws/build/object_detection_semantic_segmentation_pkg/build install --record /root/ros2_ws/build/object_detection_semantic_segmentation_pkg/install.log --single-version-externally-managed install_data
[1.569s] running egg_info
[1.570s] creating ../../build/object_detection_semantic_segmentation_pkg/object_detection_semantic_segmentation_pkg.egg-info
[1.586s] writing ../../build/object_detection_semantic_segmentation_pkg/object_detection_semantic_segmentation_pkg.egg-info/PKG-INFO
[1.587s] writing dependency_links to ../../build/object_detection_semantic_segmentation_pkg/object_detection_semantic_segmentation_pkg.egg-info/dependency_links.txt
[1.587s] writing requirements to ../../build/object_detection_semantic_segmentation_pkg/object_detection_semantic_segmentation_pkg.egg-info/requires.txt
[1.587s] writing top-level names to ../../build/object_detection_semantic_segmentation_pkg/object_detection_semantic_segmentation_pkg.egg-info/top_level.txt
[1.587s] writing manifest file '../../build/object_detection_semantic_segmentation_pkg/object_detection_semantic_segmentation_pkg.egg-info/SOURCES.txt'
[1.621s] reading manifest file '../../build/object_detection_semantic_segmentation_pkg/object_detection_semantic_segmentation_pkg.egg-info/SOURCES.txt'
[1.622s] writing manifest file '../../build/object_detection_semantic_segmentation_pkg/object_detection_semantic_segmentation_pkg.egg-info/SOURCES.txt'
[1.622s] running build
[1.622s] running build_scripts
[1.623s] creating /root/ros2_ws/build/object_detection_semantic_segmentation_pkg/build
[1.623s] creating /root/ros2_ws/build/object_detection_semantic_segmentation_pkg/build/scripts-3.12
[1.623s] copying and adjusting scripts/object_detection_node.py -> /root/ros2_ws/build/object_detection_semantic_segmentation_pkg/build/scripts-3.12
[1.624s] copying and adjusting scripts/video_publisher.py -> /root/ros2_ws/build/object_detection_semantic_segmentation_pkg/build/scripts-3.12
[1.625s] changing mode of /root/ros2_ws/build/object_detection_semantic_segmentation_pkg/build/scripts-3.12/object_detection_node.py from 644 to 755
[1.625s] changing mode of /root/ros2_ws/build/object_detection_semantic_segmentation_pkg/build/scripts-3.12/video_publisher.py from 644 to 755
[1.625s] running install
[1.633s] running install_data
[1.633s] creating /root/ros2_ws/install/object_detection_semantic_segmentation_pkg/share/ament_index
[1.633s] creating /root/ros2_ws/install/object_detection_semantic_segmentation_pkg/share/ament_index/resource_index
[1.633s] creating /root/ros2_ws/install/object_detection_semantic_segmentation_pkg/share/ament_index/resource_index/packages
[1.634s] copying resource/object_detection_semantic_segmentation_pkg -> /root/ros2_ws/install/object_detection_semantic_segmentation_pkg/share/ament_index/resource_index/packages
[1.634s] copying package.xml -> /root/ros2_ws/install/object_detection_semantic_segmentation_pkg/share/object_detection_semantic_segmentation_pkg
[1.634s] running install_egg_info
[1.668s] Copying ../../build/object_detection_semantic_segmentation_pkg/object_detection_semantic_segmentation_pkg.egg-info to /root/ros2_ws/install/object_detection_semantic_segmentation_pkg/lib/python3.12/site-packages/object_detection_semantic_segmentation_pkg-0.0.0-py3.12.egg-info
[1.670s] running install_scripts
[1.687s] creating /root/ros2_ws/install/object_detection_semantic_segmentation_pkg/lib/object_detection_semantic_segmentation_pkg
[1.687s] copying /root/ros2_ws/build/object_detection_semantic_segmentation_pkg/build/scripts-3.12/object_detection_node.py -> /root/ros2_ws/install/object_detection_semantic_segmentation_pkg/lib/object_detection_semantic_segmentation_pkg
[1.688s] copying /root/ros2_ws/build/object_detection_semantic_segmentation_pkg/build/scripts-3.12/video_publisher.py -> /root/ros2_ws/install/object_detection_semantic_segmentation_pkg/lib/object_detection_semantic_segmentation_pkg
[1.688s] changing mode of /root/ros2_ws/install/object_detection_semantic_segmentation_pkg/lib/object_detection_semantic_segmentation_pkg/object_detection_node.py to 755
[1.688s] changing mode of /root/ros2_ws/install/object_detection_semantic_segmentation_pkg/lib/object_detection_semantic_segmentation_pkg/video_publisher.py to 755
[1.783s] writing list of installed files to '/root/ros2_ws/build/object_detection_semantic_segmentation_pkg/install.log'
[1.818s] Invoked command in '/root/ros2_ws/src/object_detection_semantic_segmentation_pkg' returned '0': PS1=\[\e]0;\u@\h: \w\a\]${debian_chroot:+($debian_chroot)}\u@\h:\w\$ PYTHONPATH=/root/ros2_ws/build/object_detection_semantic_segmentation_pkg/prefix_override:/usr/lib/python3/dist-packages/colcon_core/task/python/colcon_distutils_commands:/root/ros2_ws/install/object_detection_semantic_segmentation_pkg/lib/python3.12/site-packages:${PYTHONPATH} /usr/bin/python3 -W ignore:setup.py install is deprecated setup.py egg_info --egg-base ../../build/object_detection_semantic_segmentation_pkg build --build-base /root/ros2_ws/build/object_detection_semantic_segmentation_pkg/build install --record /root/ros2_ws/build/object_detection_semantic_segmentation_pkg/install.log --single-version-externally-managed install_data
