[1.246s] Invoking command in '/root/ros2_ws/src/object_detection_semantic_segmentation_pkg': PS1=(myenv) \[\e]0;\u@\h: \w\a\]${debian_chroot:+($debian_chroot)}\u@\h:\w\$ PYTHONPATH=/root/ros2_ws/build/object_detection_semantic_segmentation_pkg/prefix_override:/usr/lib/python3/dist-packages/colcon_core/task/python/colcon_distutils_commands:/root/ros2_ws/install/object_detection_semantic_segmentation_pkg/lib/python3.12/site-packages:${PYTHONPATH} VIRTUAL_ENV_PROMPT=(myenv) /usr/bin/python3 -W ignore:setup.py install is deprecated setup.py egg_info --egg-base ../../build/object_detection_semantic_segmentation_pkg build --build-base /root/ros2_ws/build/object_detection_semantic_segmentation_pkg/build install --record /root/ros2_ws/build/object_detection_semantic_segmentation_pkg/install.log --single-version-externally-managed install_data
[1.642s] running egg_info
[1.658s] writing ../../build/object_detection_semantic_segmentation_pkg/object_detection_semantic_segmentation_pkg.egg-info/PKG-INFO
[1.658s] writing dependency_links to ../../build/object_detection_semantic_segmentation_pkg/object_detection_semantic_segmentation_pkg.egg-info/dependency_links.txt
[1.659s] writing entry points to ../../build/object_detection_semantic_segmentation_pkg/object_detection_semantic_segmentation_pkg.egg-info/entry_points.txt
[1.659s] writing requirements to ../../build/object_detection_semantic_segmentation_pkg/object_detection_semantic_segmentation_pkg.egg-info/requires.txt
[1.659s] writing top-level names to ../../build/object_detection_semantic_segmentation_pkg/object_detection_semantic_segmentation_pkg.egg-info/top_level.txt
[1.691s] reading manifest file '../../build/object_detection_semantic_segmentation_pkg/object_detection_semantic_segmentation_pkg.egg-info/SOURCES.txt'
[1.692s] writing manifest file '../../build/object_detection_semantic_segmentation_pkg/object_detection_semantic_segmentation_pkg.egg-info/SOURCES.txt'
[1.693s] running build
[1.693s] running build_py
[1.694s] copying object_detection_semantic_segmentation_pkg/object_detection_node.py -> /root/ros2_ws/build/object_detection_semantic_segmentation_pkg/build/lib/object_detection_semantic_segmentation_pkg
[1.694s] copying object_detection_semantic_segmentation_pkg/__init__.py -> /root/ros2_ws/build/object_detection_semantic_segmentation_pkg/build/lib/object_detection_semantic_segmentation_pkg
[1.695s] running install
[1.704s] running install_lib
[1.721s] copying /root/ros2_ws/build/object_detection_semantic_segmentation_pkg/build/lib/object_detection_semantic_segmentation_pkg/object_detection_node.py -> /root/ros2_ws/install/object_detection_semantic_segmentation_pkg/lib/python3.12/site-packages/object_detection_semantic_segmentation_pkg
[1.722s] copying /root/ros2_ws/build/object_detection_semantic_segmentation_pkg/build/lib/object_detection_semantic_segmentation_pkg/__init__.py -> /root/ros2_ws/install/object_detection_semantic_segmentation_pkg/lib/python3.12/site-packages/object_detection_semantic_segmentation_pkg
[1.723s] byte-compiling /root/ros2_ws/install/object_detection_semantic_segmentation_pkg/lib/python3.12/site-packages/object_detection_semantic_segmentation_pkg/object_detection_node.py to object_detection_node.cpython-312.pyc
[1.731s] byte-compiling /root/ros2_ws/install/object_detection_semantic_segmentation_pkg/lib/python3.12/site-packages/object_detection_semantic_segmentation_pkg/__init__.py to __init__.cpython-312.pyc
[1.732s] running install_data
[1.732s] running install_egg_info
[1.748s] removing '/root/ros2_ws/install/object_detection_semantic_segmentation_pkg/lib/python3.12/site-packages/object_detection_semantic_segmentation_pkg-0.0.0-py3.12.egg-info' (and everything under it)
[1.749s] Copying ../../build/object_detection_semantic_segmentation_pkg/object_detection_semantic_segmentation_pkg.egg-info to /root/ros2_ws/install/object_detection_semantic_segmentation_pkg/lib/python3.12/site-packages/object_detection_semantic_segmentation_pkg-0.0.0-py3.12.egg-info
[1.753s] running install_scripts
[1.874s] Installing object_detection_node script to /root/ros2_ws/install/object_detection_semantic_segmentation_pkg/lib/object_detection_semantic_segmentation_pkg
[1.874s] Installing video_publisher script to /root/ros2_ws/install/object_detection_semantic_segmentation_pkg/lib/object_detection_semantic_segmentation_pkg
[1.875s] writing list of installed files to '/root/ros2_ws/build/object_detection_semantic_segmentation_pkg/install.log'
[1.907s] Invoked command in '/root/ros2_ws/src/object_detection_semantic_segmentation_pkg' returned '0': PS1=(myenv) \[\e]0;\u@\h: \w\a\]${debian_chroot:+($debian_chroot)}\u@\h:\w\$ PYTHONPATH=/root/ros2_ws/build/object_detection_semantic_segmentation_pkg/prefix_override:/usr/lib/python3/dist-packages/colcon_core/task/python/colcon_distutils_commands:/root/ros2_ws/install/object_detection_semantic_segmentation_pkg/lib/python3.12/site-packages:${PYTHONPATH} VIRTUAL_ENV_PROMPT=(myenv) /usr/bin/python3 -W ignore:setup.py install is deprecated setup.py egg_info --egg-base ../../build/object_detection_semantic_segmentation_pkg build --build-base /root/ros2_ws/build/object_detection_semantic_segmentation_pkg/build install --record /root/ros2_ws/build/object_detection_semantic_segmentation_pkg/install.log --single-version-externally-managed install_data
