[1.270s] Invoking command in '/root/ros2_ws/src/object_detection_semantic_segmentation_pkg': PS1=(myenv) \[\e]0;\u@\h: \w\a\]${debian_chroot:+($debian_chroot)}\u@\h:\w\$ PYTHONPATH=/root/ros2_ws/build/object_detection_semantic_segmentation_pkg/prefix_override:/usr/lib/python3/dist-packages/colcon_core/task/python/colcon_distutils_commands:/root/ros2_ws/install/object_detection_semantic_segmentation_pkg/lib/python3.12/site-packages:${PYTHONPATH} VIRTUAL_ENV_PROMPT=(myenv) /usr/bin/python3 -W ignore:setup.py install is deprecated setup.py egg_info --egg-base ../../build/object_detection_semantic_segmentation_pkg build --build-base /root/ros2_ws/build/object_detection_semantic_segmentation_pkg/build install --record /root/ros2_ws/build/object_detection_semantic_segmentation_pkg/install.log --single-version-externally-managed install_data
[1.673s] running egg_info
[1.691s] writing ../../build/object_detection_semantic_segmentation_pkg/object_detection_semantic_segmentation_pkg.egg-info/PKG-INFO
[1.691s] writing dependency_links to ../../build/object_detection_semantic_segmentation_pkg/object_detection_semantic_segmentation_pkg.egg-info/dependency_links.txt
[1.691s] writing entry points to ../../build/object_detection_semantic_segmentation_pkg/object_detection_semantic_segmentation_pkg.egg-info/entry_points.txt
[1.692s] writing requirements to ../../build/object_detection_semantic_segmentation_pkg/object_detection_semantic_segmentation_pkg.egg-info/requires.txt
[1.692s] writing top-level names to ../../build/object_detection_semantic_segmentation_pkg/object_detection_semantic_segmentation_pkg.egg-info/top_level.txt
[1.728s] reading manifest file '../../build/object_detection_semantic_segmentation_pkg/object_detection_semantic_segmentation_pkg.egg-info/SOURCES.txt'
[1.729s] writing manifest file '../../build/object_detection_semantic_segmentation_pkg/object_detection_semantic_segmentation_pkg.egg-info/SOURCES.txt'
[1.729s] running build
[1.730s] running build_py
[1.730s] running install
[1.738s] running install_lib
[1.755s] running install_data
[1.755s] creating /root/ros2_ws/install/object_detection_semantic_segmentation_pkg/share/object_detection_semantic_segmentation_pkg/launch
[1.755s] creating /root/ros2_ws/install/object_detection_semantic_segmentation_pkg/share/object_detection_semantic_segmentation_pkg/scripts
[1.756s] copying scripts/object_detection_node.py -> /root/ros2_ws/install/object_detection_semantic_segmentation_pkg/share/object_detection_semantic_segmentation_pkg/scripts
[1.757s] copying scripts/video_publisher.py -> /root/ros2_ws/install/object_detection_semantic_segmentation_pkg/share/object_detection_semantic_segmentation_pkg/scripts
[1.757s] running install_egg_info
[1.774s] removing '/root/ros2_ws/install/object_detection_semantic_segmentation_pkg/lib/python3.12/site-packages/object_detection_semantic_segmentation_pkg-0.0.0-py3.12.egg-info' (and everything under it)
[1.775s] Copying ../../build/object_detection_semantic_segmentation_pkg/object_detection_semantic_segmentation_pkg.egg-info to /root/ros2_ws/install/object_detection_semantic_segmentation_pkg/lib/python3.12/site-packages/object_detection_semantic_segmentation_pkg-0.0.0-py3.12.egg-info
[1.779s] running install_scripts
[1.913s] Installing object_detection_node script to /root/ros2_ws/install/object_detection_semantic_segmentation_pkg/lib/object_detection_semantic_segmentation_pkg
[1.914s] Installing video_publisher script to /root/ros2_ws/install/object_detection_semantic_segmentation_pkg/lib/object_detection_semantic_segmentation_pkg
[1.914s] writing list of installed files to '/root/ros2_ws/build/object_detection_semantic_segmentation_pkg/install.log'
[1.946s] Invoked command in '/root/ros2_ws/src/object_detection_semantic_segmentation_pkg' returned '0': PS1=(myenv) \[\e]0;\u@\h: \w\a\]${debian_chroot:+($debian_chroot)}\u@\h:\w\$ PYTHONPATH=/root/ros2_ws/build/object_detection_semantic_segmentation_pkg/prefix_override:/usr/lib/python3/dist-packages/colcon_core/task/python/colcon_distutils_commands:/root/ros2_ws/install/object_detection_semantic_segmentation_pkg/lib/python3.12/site-packages:${PYTHONPATH} VIRTUAL_ENV_PROMPT=(myenv) /usr/bin/python3 -W ignore:setup.py install is deprecated setup.py egg_info --egg-base ../../build/object_detection_semantic_segmentation_pkg build --build-base /root/ros2_ws/build/object_detection_semantic_segmentation_pkg/build install --record /root/ros2_ws/build/object_detection_semantic_segmentation_pkg/install.log --single-version-externally-managed install_data
