running egg_info
creating ../../build/object_detection_semantic_segmentation_pkg/object_detection_semantic_segmentation_pkg.egg-info
writing ../../build/object_detection_semantic_segmentation_pkg/object_detection_semantic_segmentation_pkg.egg-info/PKG-INFO
writing dependency_links to ../../build/object_detection_semantic_segmentation_pkg/object_detection_semantic_segmentation_pkg.egg-info/dependency_links.txt
writing entry points to ../../build/object_detection_semantic_segmentation_pkg/object_detection_semantic_segmentation_pkg.egg-info/entry_points.txt
writing requirements to ../../build/object_detection_semantic_segmentation_pkg/object_detection_semantic_segmentation_pkg.egg-info/requires.txt
writing top-level names to ../../build/object_detection_semantic_segmentation_pkg/object_detection_semantic_segmentation_pkg.egg-info/top_level.txt
writing manifest file '../../build/object_detection_semantic_segmentation_pkg/object_detection_semantic_segmentation_pkg.egg-info/SOURCES.txt'
reading manifest file '../../build/object_detection_semantic_segmentation_pkg/object_detection_semantic_segmentation_pkg.egg-info/SOURCES.txt'
writing manifest file '../../build/object_detection_semantic_segmentation_pkg/object_detection_semantic_segmentation_pkg.egg-info/SOURCES.txt'
running build
running build_py
creating /root/ros2_ws/build/object_detection_semantic_segmentation_pkg/build
creating /root/ros2_ws/build/object_detection_semantic_segmentation_pkg/build/lib
creating /root/ros2_ws/build/object_detection_semantic_segmentation_pkg/build/lib/object_detection_semantic_segmentation_pkg
copying object_detection_semantic_segmentation_pkg/__init__.py -> /root/ros2_ws/build/object_detection_semantic_segmentation_pkg/build/lib/object_detection_semantic_segmentation_pkg
running install
running install_lib
creating /root/ros2_ws/install/object_detection_semantic_segmentation_pkg/lib/python3.12/site-packages/object_detection_semantic_segmentation_pkg
copying /root/ros2_ws/build/object_detection_semantic_segmentation_pkg/build/lib/object_detection_semantic_segmentation_pkg/__init__.py -> /root/ros2_ws/install/object_detection_semantic_segmentation_pkg/lib/python3.12/site-packages/object_detection_semantic_segmentation_pkg
byte-compiling /root/ros2_ws/install/object_detection_semantic_segmentation_pkg/lib/python3.12/site-packages/object_detection_semantic_segmentation_pkg/__init__.py to __init__.cpython-312.pyc
running install_data
creating /root/ros2_ws/install/object_detection_semantic_segmentation_pkg/share/ament_index
creating /root/ros2_ws/install/object_detection_semantic_segmentation_pkg/share/ament_index/resource_index
creating /root/ros2_ws/install/object_detection_semantic_segmentation_pkg/share/ament_index/resource_index/packages
copying resource/object_detection_semantic_segmentation_pkg -> /root/ros2_ws/install/object_detection_semantic_segmentation_pkg/share/ament_index/resource_index/packages
copying package.xml -> /root/ros2_ws/install/object_detection_semantic_segmentation_pkg/share/object_detection_semantic_segmentation_pkg
running install_egg_info
Copying ../../build/object_detection_semantic_segmentation_pkg/object_detection_semantic_segmentation_pkg.egg-info to /root/ros2_ws/install/object_detection_semantic_segmentation_pkg/lib/python3.12/site-packages/object_detection_semantic_segmentation_pkg-0.0.0-py3.12.egg-info
running install_scripts
Installing object_detection_node script to /root/ros2_ws/install/object_detection_semantic_segmentation_pkg/lib/object_detection_semantic_segmentation_pkg
writing list of installed files to '/root/ros2_ws/build/object_detection_semantic_segmentation_pkg/install.log'
